<?xml version="1.0" encoding="UTF-8" standalone="no"?>
<!DOCTYPE log SYSTEM "logger.dtd">
<log>
<record>
  <date>2019-04-24T11:34:24</date>
  <millis>1556102064776</millis>
  <sequence>0</sequence>
  <logger>com.javacodegeeks.snippets.core</logger>
  <level>SEVERE</level>
  <class>BusinessObjects.ServerLogging</class>
  <method>main</method>
  <thread>1</thread>
  <message>severe message</message>
</record>
<record>
  <date>2019-04-24T11:34:24</date>
  <millis>1556102064949</millis>
  <sequence>1</sequence>
  <logger>com.javacodegeeks.snippets.core</logger>
  <level>WARNING</level>
  <class>BusinessObjects.ServerLogging</class>
  <method>main</method>
  <thread>1</thread>
  <message>warning message</message>
</record>
<record>
  <date>2019-04-24T11:34:24</date>
  <millis>1556102064989</millis>
  <sequence>2</sequence>
  <logger>com.javacodegeeks.snippets.core</logger>
  <level>INFO</level>
  <class>BusinessObjects.ServerLogging</class>
  <method>main</method>
  <thread>1</thread>
  <message>info message</message>
</record>
</log>
<?xml version="1.0" encoding="UTF-8" standalone="no"?>
<!DOCTYPE log SYSTEM "logger.dtd">
<log>
<record>
  <date>2019-04-24T11:36:56</date>
  <millis>1556102216728</millis>
  <sequence>0</sequence>
  <logger>server</logger>
  <level>SEVERE</level>
  <class>BusinessObjects.ServerLogging</class>
  <method>main</method>
  <thread>1</thread>
  <message>severe message</message>
</record>
<record>
  <date>2019-04-24T11:36:56</date>
  <millis>1556102216768</millis>
  <sequence>1</sequence>
  <logger>server</logger>
  <level>WARNING</level>
  <class>BusinessObjects.ServerLogging</class>
  <method>main</method>
  <thread>1</thread>
  <message>warning message</message>
</record>
<record>
  <date>2019-04-24T11:36:56</date>
  <millis>1556102216769</millis>
  <sequence>2</sequence>
  <logger>server</logger>
  <level>INFO</level>
  <class>BusinessObjects.ServerLogging</class>
  <method>main</method>
  <thread>1</thread>
  <message>info message</message>
</record>
</log>
